[1;30m11:31:04.981 INFO  com.smart.service.template.ServiceTemplateApplicationKt.logStarting() @48 - Starting ServiceTemplateApplicationKt on maokangren.local with PID 13477 (/Users/maokangren/workspace/template/services/service-template/build/libs/service-template-0.0.1-SNAPSHOT.jar started by maokangren in /Users/maokangren/workspace/template)
[m[1;34m11:31:05.011 DEBUG com.smart.service.template.ServiceTemplateApplicationKt.logStarting() @51 - Running with Spring Boot v1.5.8.RELEASE, Spring v4.3.12.RELEASE
[m[1;30m11:31:05.012 INFO  com.smart.service.template.ServiceTemplateApplicationKt.logStartupProfileInfo() @593 - No active profile set, falling back to default profiles: default
[m[1;30m11:31:05.137 INFO  org.springframework.boot.context.embedded.AnnotationConfigEmbeddedWebApplicationContext.prepareRefresh() @583 - Refreshing org.springframework.boot.context.embedded.AnnotationConfigEmbeddedWebApplicationContext@2d6d8735: startup date [Mon Nov 13 11:31:05 CST 2017]; root of context hierarchy
[m[1;30m11:31:05.382 INFO  org.hibernate.validator.internal.util.Version.<clinit>() @30 - HV000001: Hibernate Validator 5.3.5.Final
[m[1;30m11:31:07.585 INFO  org.springframework.boot.context.embedded.tomcat.TomcatEmbeddedServletContainer.initialize() @89 - Tomcat initialized with port(s): 7776 (http)
[m[1;30m11:31:07.606 INFO  org.apache.catalina.core.StandardService.log() @179 - Starting service [Tomcat]
[m[1;30m11:31:07.611 INFO  org.apache.catalina.core.StandardEngine.log() @179 - Starting Servlet Engine: Apache Tomcat/8.5.23
[m[1;30m11:31:07.779 INFO  org.apache.catalina.core.ContainerBase.[Tomcat].[localhost].[/].log() @179 - Initializing Spring embedded WebApplicationContext
[m[1;30m11:31:07.779 INFO  org.springframework.web.context.ContextLoader.prepareEmbeddedWebApplicationContext() @276 - Root WebApplicationContext: initialization completed in 2646 ms
[m[1;30m11:31:08.132 INFO  org.springframework.boot.web.servlet.ServletRegistrationBean.onStartup() @190 - Mapping servlet: 'dispatcherServlet' to [/]
[m[1;30m11:31:08.135 INFO  org.springframework.boot.web.servlet.ServletRegistrationBean.onStartup() @190 - Mapping servlet: 'statViewServlet' to [/druid/*]
[m[1;30m11:31:08.140 INFO  org.springframework.boot.web.servlet.FilterRegistrationBean.configure() @258 - Mapping filter: 'characterEncodingFilter' to: [/*]
[m[1;30m11:31:08.140 INFO  org.springframework.boot.web.servlet.FilterRegistrationBean.configure() @258 - Mapping filter: 'hiddenHttpMethodFilter' to: [/*]
[m[1;30m11:31:08.141 INFO  org.springframework.boot.web.servlet.FilterRegistrationBean.configure() @258 - Mapping filter: 'httpPutFormContentFilter' to: [/*]
[m[1;30m11:31:08.141 INFO  org.springframework.boot.web.servlet.FilterRegistrationBean.configure() @258 - Mapping filter: 'requestContextFilter' to: [/*]
[m[1;30m11:31:08.141 INFO  org.springframework.boot.web.servlet.FilterRegistrationBean.configure() @271 - Mapping filter: 'webStatFilter' to urls: [/*]
[m[1;30m11:31:08.142 INFO  org.springframework.boot.web.servlet.FilterRegistrationBean.configure() @271 - Mapping filter: 'static-filter' to urls: [/*]
[m[1;34m11:31:08.181 DEBUG com.smart.service.template.config.filter.HKResourceUrlFilter.init() @208 - Initializing filter 'static-filter'
[m[1;34m11:31:08.181 DEBUG com.smart.service.template.config.filter.HKResourceUrlFilter.init() @239 - Filter 'static-filter' configured successfully
[m[1;30m11:31:09.496 INFO  com.alibaba.druid.pool.DruidDataSource.init() @932 - {dataSource-1} inited
[m[1;30m11:31:09.892 INFO  org.springframework.jdbc.datasource.init.ScriptUtils.executeSqlScript() @441 - Executing SQL script from class path resource [sql/schema-mysql.sql]
[m[1;30m11:31:09.940 INFO  org.springframework.jdbc.datasource.init.ScriptUtils.executeSqlScript() @507 - Executed SQL script from class path resource [sql/schema-mysql.sql] in 48 ms.
[m[1;30m11:31:09.943 INFO  org.springframework.jdbc.datasource.init.ScriptUtils.executeSqlScript() @441 - Executing SQL script from class path resource [sql/data-mysql.sql]
[m[1;30m11:31:09.948 INFO  org.springframework.jdbc.datasource.init.ScriptUtils.executeSqlScript() @507 - Executed SQL script from class path resource [sql/data-mysql.sql] in 5 ms.
[m[1;30m11:31:10.411 INFO  org.springframework.web.servlet.mvc.method.annotation.RequestMappingHandlerAdapter.initControllerAdviceCache() @534 - Looking for @ControllerAdvice: org.springframework.boot.context.embedded.AnnotationConfigEmbeddedWebApplicationContext@2d6d8735: startup date [Mon Nov 13 11:31:05 CST 2017]; root of context hierarchy
[m